batch_then_drain 128 23
I          7         0
I          3         1
I          1         2
I          9         3
I          9         4
I         11         5
I          3         6
I          6         7
I         12         8
I          2         9
I         10        10
I          8        11
I          6        12
I          2        13
I          8        14
I          1        15
I          6        16
I          5        17
I          5        18
I         11        19
I          6        20
I         10        21
I          5        22
I          5        23
I          4        24
I          2        25
I          8        26
I          2        27
I         11        28
I          7        29
I         12        30
I          7        31
I          9        32
I          7        33
I          4        34
I          2        35
I         10        36
I         10        37
I          4        38
I          8        39
I          2        40
I         10        41
I          7        42
I          6        43
I          9        44
I          1        45
I          4        46
I          8        47
I          6        48
I          6        49
I         11        50
I          1        51
I         10        52
I          1        53
I          4        54
I          6        55
I          7        56
I         11        57
I          8        58
I          6        59
I         12        60
I          8        61
I          6        62
I          7        63
I          7        64
I          3        65
I          2        66
I          4        67
I          4        68
I          1        69
I         11        70
I          2        71
I          3        72
I          7        73
I          7        74
I          8        75
I          3        76
I          2        77
I          4        78
I          9        79
I          9        80
I          8        81
I          8        82
I         12        83
I          3        84
I         11        85
I         11        86
I          7        87
I          3        88
I          8        89
I          3        90
I          2        91
I          1        92
I         12        93
I          1        94
I         11        95
I          6        96
I          7        97
I          5        98
I          4        99
I          1       100
I          8       101
I         10       102
I          6       103
I          1       104
I          8       105
I          1       106
I          5       107
I          5       108
I          4       109
I          2       110
I          5       111
I          5       112
I         11       113
I          9       114
I         11       115
I          2       116
I          4       117
I          4       118
I          5       119
I          2       120
I          6       121
I         12       122
I          5       123
I          2       124
I          4       125
I          2       126
I          7       127
E
E
E
E
E
E
E
E
E
E
E
E
E
E
E
E
E
E
E
E
E
E
E
E
E
E
E
E
E
E
E
E
E
E
E
E
E
E
E
E
E
E
E
E
E
E
E
E
E
E
E
E
E
E
E
E
E
E
E
E
E
E
E
E
E
E
E
E
E
E
E
E
E
E
E
E
E
E
E
E
E
E
E
E
E
E
E
E
E
E
E
E
E
E
E
E
E
E
E
E
E
E
E
E
E
E
E
E
E
E
E
E
E
E
E
E
E
E
E
E
E
E
E
E
E
E
E
E
