batch_then_drain 64 23
I          2         0
I          2         1
I         11         2
I          7         3
I          9         4
I          8         5
I         12         6
I         10         7
I         11         8
I          8         9
I          4        10
I          7        11
I          2        12
I          3        13
I          2        14
I          3        15
I         12        16
I          7        17
I          1        18
I          5        19
I          4        20
I          6        21
I          6        22
I         12        23
I          1        24
I         11        25
I         11        26
I          7        27
I          2        28
I         10        29
I          9        30
I         10        31
I          1        32
I          3        33
I          3        34
I          1        35
I         10        36
I          6        37
I         10        38
I         11        39
I         12        40
I          2        41
I          5        42
I          3        43
I         10        44
I         12        45
I          6        46
I          2        47
I          6        48
I         11        49
I          5        50
I          3        51
I         10        52
I          8        53
I          7        54
I         12        55
I          2        56
I          4        57
I         12        58
I          6        59
I          1        60
I         12        61
I         12        62
I          3        63
E
E
E
E
E
E
E
E
E
E
E
E
E
E
E
E
E
E
E
E
E
E
E
E
E
E
E
E
E
E
E
E
E
E
E
E
E
E
E
E
E
E
E
E
E
E
E
E
E
E
E
E
E
E
E
E
E
E
E
E
E
E
E
E
