batch_then_drain 32 23
I          3         0
I          1         1
I          3         2
I          1         3
I          3         4
I          3         5
I          1         6
I          1         7
I          1         8
I          2         9
I          3        10
I          2        11
I          2        12
I          3        13
I          3        14
I          2        15
I          2        16
I          3        17
I          1        18
I          3        19
I          3        20
I          1        21
I          1        22
I          2        23
I          3        24
I          1        25
I          2        26
I          1        27
I          2        28
I          3        29
I          3        30
I          2        31
E
E
E
E
E
E
E
E
E
E
E
E
E
E
E
E
E
E
E
E
E
E
E
E
E
E
E
E
E
E
E
E
