batch_then_drain 256 23
I          2         0
I          2         1
I         10         2
I          1         3
I          2         4
I          3         5
I          1         6
I         12         7
I          4         8
I         10         9
I          1        10
I          7        11
I          1        12
I          2        13
I          3        14
I         12        15
I          7        16
I         11        17
I         11        18
I         12        19
I          1        20
I          7        21
I         10        22
I          4        23
I         10        24
I          3        25
I          8        26
I         10        27
I         10        28
I          2        29
I          8        30
I          8        31
I         10        32
I          9        33
I          3        34
I          7        35
I          9        36
I         10        37
I          9        38
I         12        39
I         10        40
I          1        41
I          6        42
I          2        43
I          4        44
I          2        45
I          5        46
I          4        47
I          7        48
I          7        49
I         11        50
I          6        51
I         10        52
I          6        53
I         10        54
I          9        55
I         10        56
I          2        57
I          9        58
I          2        59
I          9        60
I          2        61
I          5        62
I         11        63
I          9        64
I          5        65
I          6        66
I          8        67
I          7        68
I         11        69
I          6        70
I          3        71
I          2        72
I          1        73
I          4        74
I          4        75
I         12        76
I          5        77
I          3        78
I          7        79
I          4        80
I          3        81
I          8        82
I         10        83
I          9        84
I          8        85
I         12        86
I         10        87
I         12        88
I          3        89
I          3        90
I          3        91
I          8        92
I          8        93
I          3        94
I          5        95
I         10        96
I         12        97
I          5        98
I         10        99
I          1       100
I          3       101
I          8       102
I          2       103
I         12       104
I          4       105
I          6       106
I         10       107
I         11       108
I          8       109
I          3       110
I          3       111
I          2       112
I          1       113
I          6       114
I          7       115
I         12       116
I         12       117
I         11       118
I          7       119
I          1       120
I         12       121
I          6       122
I          6       123
I          5       124
I         12       125
I         12       126
I          6       127
I          3       128
I         10       129
I         10       130
I          4       131
I          5       132
I          1       133
I          1       134
I          9       135
I         10       136
I          2       137
I          6       138
I         10       139
I          2       140
I         12       141
I          4       142
I          5       143
I          3       144
I          4       145
I          3       146
I          8       147
I          9       148
I          9       149
I         12       150
I          1       151
I         11       152
I          8       153
I          6       154
I          3       155
I          2       156
I          1       157
I          8       158
I          4       159
I          8       160
I          5       161
I         12       162
I          5       163
I          7       164
I          9       165
I          1       166
I          7       167
I          2       168
I          5       169
I          6       170
I          6       171
I         12       172
I          7       173
I          3       174
I         11       175
I          8       176
I          5       177
I          1       178
I         10       179
I          1       180
I          8       181
I          5       182
I         11       183
I         12       184
I          5       185
I          3       186
I          3       187
I         10       188
I          2       189
I          6       190
I          7       191
I          9       192
I         12       193
I          5       194
I          4       195
I          9       196
I          5       197
I          3       198
I         10       199
I          3       200
I          5       201
I          8       202
I         11       203
I          7       204
I          1       205
I          4       206
I         11       207
I          2       208
I          4       209
I          7       210
I         12       211
I         12       212
I         10       213
I         11       214
I         10       215
I          2       216
I          6       217
I         12       218
I          4       219
I          6       220
I          4       221
I          2       222
I         11       223
I          9       224
I          6       225
I          9       226
I          1       227
I         10       228
I          8       229
I          8       230
I          8       231
I          1       232
I          8       233
I          9       234
I          2       235
I          6       236
I          3       237
I          7       238
I         10       239
I          2       240
I          8       241
I         12       242
I          9       243
I         11       244
I          1       245
I          4       246
I          7       247
I         11       248
I          4       249
I         11       250
I          3       251
I         12       252
I          2       253
I          9       254
I          2       255
E
E
E
E
E
E
E
E
E
E
E
E
E
E
E
E
E
E
E
E
E
E
E
E
E
E
E
E
E
E
E
E
E
E
E
E
E
E
E
E
E
E
E
E
E
E
E
E
E
E
E
E
E
E
E
E
E
E
E
E
E
E
E
E
E
E
E
E
E
E
E
E
E
E
E
E
E
E
E
E
E
E
E
E
E
E
E
E
E
E
E
E
E
E
E
E
E
E
E
E
E
E
E
E
E
E
E
E
E
E
E
E
E
E
E
E
E
E
E
E
E
E
E
E
E
E
E
E
E
E
E
E
E
E
E
E
E
E
E
E
E
E
E
E
E
E
E
E
E
E
E
E
E
E
E
E
E
E
E
E
E
E
E
E
E
E
E
E
E
E
E
E
E
E
E
E
E
E
E
E
E
E
E
E
E
E
E
E
E
E
E
E
E
E
E
E
E
E
E
E
E
E
E
E
E
E
E
E
E
E
E
E
E
E
E
E
E
E
E
E
E
E
E
E
E
E
E
E
E
E
E
E
E
E
E
E
E
E
E
E
E
E
E
E
E
E
E
E
E
E
E
E
E
E
E
E
