batch_then_drain 2048 23
I          1         0
I         12         1
I          1         2
I          7         3
I         12         4
I          4         5
I          2         6
I          7         7
I          3         8
I          1         9
I         12        10
I          7        11
I         11        12
I         12        13
I          2        14
I          7        15
I          5        16
I         12        17
I          2        18
I          2        19
I          8        20
I          4        21
I          1        22
I          6        23
I          9        24
I          5        25
I          7        26
I          5        27
I          1        28
I          9        29
I          8        30
I          8        31
I         11        32
I          4        33
I          1        34
I          6        35
I          8        36
I          9        37
I          3        38
I          3        39
I          2        40
I          3        41
I          5        42
I          1        43
I          3        44
I         11        45
I          1        46
I          6        47
I          5        48
I         11        49
I          4        50
I         10        51
I          9        52
I          8        53
I         12        54
I          3        55
I          6        56
I          8        57
I          4        58
I          1        59
I          5        60
I         10        61
I          2        62
I         12        63
I         12        64
I         12        65
I          4        66
I         12        67
I          7        68
I          1        69
I          3        70
I         10        71
I          7        72
I          8        73
I          3        74
I         11        75
I          7        76
I          9        77
I          8        78
I          1        79
I          1        80
I         12        81
I          5        82
I          1        83
I          4        84
I          7        85
I          3        86
I          9        87
I          5        88
I          3        89
I         11        90
I          7        91
I         11        92
I          1        93
I          7        94
I          3        95
I         12        96
I          3        97
I          5        98
I          7        99
I         11       100
I          3       101
I         10       102
I         10       103
I          9       104
I          6       105
I          2       106
I         12       107
I          5       108
I          2       109
I          5       110
I          4       111
I          5       112
I          9       113
I         11       114
I          6       115
I         12       116
I         12       117
I          4       118
I          7       119
I         10       120
I          7       121
I         11       122
I          7       123
I          2       124
I          2       125
I          1       126
I          7       127
I         12       128
I          1       129
I          3       130
I          2       131
I          1       132
I          8       133
I          9       134
I          5       135
I          9       136
I         12       137
I          5       138
I          3       139
I          4       140
I         10       141
I          3       142
I          4       143
I         12       144
I          8       145
I          4       146
I          9       147
I          5       148
I          7       149
I          7       150
I          7       151
I         11       152
I          4       153
I          9       154
I          2       155
I         11       156
I          4       157
I          7       158
I          6       159
I          1       160
I          7       161
I         10       162
I         11       163
I          4       164
I          1       165
I         10       166
I         12       167
I          8       168
I          4       169
I          6       170
I          1       171
I          1       172
I          3       173
I          6       174
I         10       175
I          9       176
I          3       177
I          5       178
I          4       179
I          9       180
I         12       181
I          7       182
I         11       183
I         11       184
I          2       185
I         11       186
I          7       187
I          8       188
I         10       189
I          6       190
I          8       191
I         12       192
I          3       193
I          7       194
I         10       195
I          7       196
I          1       197
I          7       198
I          7       199
I         10       200
I         10       201
I         11       202
I          6       203
I          3       204
I          3       205
I         10       206
I          6       207
I          9       208
I          8       209
I          2       210
I          4       211
I         12       212
I         11       213
I          5       214
I          3       215
I          3       216
I          5       217
I          5       218
I          3       219
I          8       220
I          8       221
I         10       222
I          4       223
I          9       224
I          9       225
I          9       226
I          5       227
I          2       228
I         11       229
I         10       230
I          4       231
I          3       232
I          2       233
I          3       234
I          5       235
I          2       236
I          6       237
I          3       238
I         12       239
I          8       240
I         10       241
I          6       242
I          3       243
I          8       244
I         12       245
I          4       246
I          1       247
I         10       248
I          3       249
I          3       250
I          9       251
I          4       252
I          7       253
I          4       254
I          9       255
I          4       256
I          5       257
I          8       258
I         12       259
I          3       260
I          7       261
I         12       262
I          5       263
I          8       264
I         12       265
I          5       266
I         12       267
I         11       268
I          1       269
I          6       270
I         12       271
I          5       272
I          2       273
I         11       274
I          7       275
I          5       276
I          9       277
I          5       278
I          3       279
I          1       280
I          2       281
I         11       282
I          2       283
I          5       284
I          4       285
I          9       286
I          8       287
I         11       288
I          2       289
I          9       290
I          6       291
I          9       292
I          5       293
I          6       294
I          8       295
I          6       296
I          7       297
I          6       298
I          2       299
I         11       300
I          2       301
I          3       302
I         11       303
I          5       304
I          7       305
I          8       306
I         11       307
I          2       308
I          5       309
I         10       310
I         12       311
I          5       312
I         11       313
I          8       314
I          3       315
I          1       316
I         12       317
I          3       318
I         10       319
I          2       320
I         11       321
I          1       322
I          3       323
I         10       324
I          8       325
I          7       326
I          2       327
I          5       328
I         11       329
I          9       330
I         10       331
I          5       332
I          3       333
I         11       334
I          6       335
I          1       336
I         10       337
I          1       338
I          1       339
I         11       340
I          1       341
I         12       342
I          5       343
I          2       344
I         12       345
I          5       346
I          3       347
I         10       348
I         11       349
I          1       350
I          1       351
I          2       352
I         11       353
I         10       354
I          6       355
I          6       356
I          6       357
I         12       358
I         11       359
I         11       360
I          5       361
I          5       362
I          6       363
I          4       364
I          2       365
I          9       366
I         10       367
I         11       368
I          2       369
I         10       370
I          3       371
I          4       372
I          7       373
I          9       374
I          7       375
I          3       376
I          5       377
I         10       378
I         12       379
I          9       380
I          5       381
I          8       382
I          2       383
I          9       384
I          4       385
I          9       386
I          4       387
I          3       388
I          6       389
I          7       390
I         11       391
I          9       392
I         12       393
I         11       394
I         10       395
I          9       396
I          7       397
I          5       398
I          1       399
I          5       400
I          9       401
I         12       402
I          9       403
I          8       404
I          7       405
I          7       406
I          4       407
I         11       408
I         11       409
I         11       410
I          4       411
I         10       412
I         12       413
I          4       414
I          4       415
I         12       416
I         10       417
I          6       418
I          4       419
I          6       420
I          7       421
I          7       422
I          4       423
I          4       424
I          4       425
I         12       426
I          4       427
I         10       428
I          4       429
I          4       430
I          8       431
I          5       432
I          4       433
I          7       434
I          3       435
I         11       436
I         11       437
I         10       438
I          4       439
I          2       440
I          2       441
I          1       442
I         12       443
I          8       444
I         12       445
I          3       446
I         12       447
I          1       448
I          7       449
I         11       450
I          8       451
I          9       452
I          1       453
I          5       454
I          8       455
I         12       456
I          5       457
I          2       458
I          8       459
I          5       460
I          3       461
I          9       462
I          6       463
I          1       464
I          3       465
I          5       466
I         12       467
I          8       468
I          2       469
I          4       470
I         12       471
I         12       472
I          6       473
I          8       474
I          6       475
I          8       476
I          9       477
I          4       478
I          4       479
I          6       480
I          7       481
I         10       482
I          9       483
I          8       484
I          6       485
I          1       486
I         11       487
I          9       488
I         11       489
I          2       490
I          7       491
I          2       492
I          1       493
I          1       494
I          3       495
I          9       496
I          7       497
I          6       498
I          6       499
I          4       500
I          4       501
I         11       502
I          6       503
I          8       504
I          1       505
I          6       506
I          8       507
I          2       508
I          3       509
I          2       510
I          4       511
I         10       512
I          2       513
I          2       514
I          4       515
I         11       516
I          3       517
I          5       518
I          4       519
I          5       520
I          7       521
I          3       522
I          5       523
I          4       524
I          2       525
I         11       526
I          9       527
I          3       528
I          5       529
I          3       530
I          5       531
I          8       532
I          2       533
I          7       534
I         12       535
I         12       536
I          4       537
I          2       538
I         10       539
I         11       540
I          8       541
I         10       542
I         10       543
I          5       544
I          1       545
I         11       546
I          9       547
I          4       548
I          5       549
I          9       550
I          6       551
I          8       552
I          2       553
I          1       554
I          6       555
I          5       556
I          5       557
I          9       558
I          1       559
I          6       560
I          7       561
I          9       562
I          6       563
I         11       564
I         12       565
I          4       566
I         10       567
I          6       568
I         10       569
I         11       570
I          2       571
I          7       572
I          2       573
I          3       574
I         12       575
I         11       576
I         11       577
I         11       578
I          2       579
I         11       580
I          7       581
I          2       582
I          4       583
I          9       584
I         12       585
I          1       586
I         12       587
I          9       588
I          2       589
I         12       590
I          5       591
I          7       592
I         11       593
I          7       594
I          4       595
I          5       596
I          5       597
I          8       598
I          8       599
I          8       600
I          7       601
I         10       602
I          7       603
I          8       604
I          7       605
I         10       606
I         10       607
I          9       608
I          8       609
I          4       610
I          4       611
I          2       612
I          1       613
I          3       614
I          6       615
I          8       616
I          7       617
I         11       618
I          8       619
I          4       620
I         10       621
I         10       622
I          7       623
I          4       624
I          4       625
I          2       626
I          3       627
I          6       628
I         11       629
I          3       630
I         12       631
I          5       632
I         12       633
I         11       634
I          2       635
I          1       636
I         12       637
I          7       638
I          6       639
I          7       640
I         12       641
I         12       642
I          1       643
I          4       644
I          4       645
I          3       646
I          7       647
I          6       648
I         12       649
I          9       650
I          4       651
I          8       652
I          6       653
I          9       654
I          4       655
I          1       656
I         11       657
I          4       658
I         10       659
I          3       660
I          5       661
I          8       662
I          5       663
I          4       664
I          2       665
I          8       666
I         12       667
I          8       668
I          1       669
I          7       670
I          7       671
I          1       672
I         11       673
I          5       674
I          5       675
I          3       676
I          7       677
I         12       678
I          7       679
I          3       680
I          3       681
I          8       682
I          4       683
I         12       684
I         12       685
I         10       686
I         12       687
I          2       688
I         10       689
I          2       690
I          5       691
I         10       692
I          6       693
I          6       694
I          6       695
I          2       696
I          4       697
I         10       698
I          2       699
I         10       700
I          5       701
I          7       702
I          2       703
I          4       704
I          8       705
I          9       706
I         10       707
I          8       708
I          5       709
I         11       710
I          6       711
I         12       712
I          1       713
I          4       714
I          8       715
I          1       716
I          8       717
I          9       718
I         10       719
I          5       720
I          5       721
I          6       722
I          6       723
I          4       724
I         12       725
I          1       726
I          7       727
I          2       728
I          8       729
I          4       730
I          5       731
I          2       732
I          4       733
I          5       734
I          6       735
I         12       736
I          4       737
I         11       738
I         12       739
I          8       740
I          7       741
I          9       742
I          6       743
I          8       744
I          8       745
I          9       746
I          3       747
I          7       748
I         12       749
I         11       750
I          3       751
I          5       752
I          1       753
I         10       754
I         10       755
I          7       756
I          5       757
I          7       758
I          1       759
I          5       760
I          7       761
I          5       762
I          5       763
I          2       764
I          5       765
I          1       766
I          8       767
I          7       768
I          7       769
I         10       770
I          4       771
I          4       772
I          4       773
I          8       774
I          2       775
I          7       776
I          6       777
I          9       778
I          4       779
I          5       780
I          8       781
I          2       782
I          4       783
I         10       784
I          5       785
I          4       786
I          4       787
I          8       788
I          5       789
I         10       790
I         10       791
I         12       792
I          5       793
I         11       794
I          2       795
I          2       796
I          2       797
I         11       798
I          3       799
I          8       800
I          9       801
I         10       802
I         10       803
I          5       804
I          2       805
I          8       806
I          5       807
I          6       808
I          7       809
I          6       810
I          8       811
I          1       812
I          5       813
I         10       814
I         12       815
I         12       816
I          5       817
I          1       818
I          1       819
I          4       820
I         10       821
I          3       822
I         11       823
I          9       824
I         10       825
I          9       826
I         11       827
I          4       828
I         12       829
I          4       830
I          8       831
I         10       832
I          4       833
I          8       834
I          1       835
I          9       836
I         12       837
I          6       838
I          1       839
I          9       840
I          8       841
I          4       842
I         12       843
I         11       844
I         12       845
I          8       846
I          2       847
I          7       848
I         10       849
I          1       850
I          4       851
I          5       852
I          3       853
I          9       854
I         10       855
I         11       856
I         11       857
I          5       858
I          9       859
I          7       860
I         11       861
I          4       862
I          4       863
I         12       864
I          6       865
I         10       866
I          5       867
I         10       868
I          5       869
I          3       870
I          5       871
I          7       872
I          7       873
I          4       874
I          7       875
I          1       876
I          6       877
I          6       878
I          3       879
I         11       880
I          5       881
I          7       882
I          7       883
I          4       884
I         11       885
I          7       886
I          8       887
I          1       888
I         10       889
I          4       890
I          1       891
I          7       892
I          7       893
I          6       894
I          5       895
I          2       896
I          7       897
I          5       898
I         11       899
I          1       900
I          6       901
I          2       902
I         10       903
I          7       904
I         12       905
I          8       906
I          8       907
I         11       908
I         11       909
I          5       910
I          8       911
I          2       912
I          3       913
I          3       914
I          3       915
I         11       916
I          8       917
I          6       918
I          2       919
I          2       920
I          8       921
I          4       922
I          7       923
I         11       924
I          6       925
I          3       926
I          8       927
I          2       928
I          8       929
I          8       930
I          7       931
I          6       932
I          9       933
I          5       934
I          4       935
I          4       936
I          7       937
I          7       938
I          2       939
I          2       940
I          9       941
I          2       942
I          8       943
I          8       944
I          2       945
I          1       946
I         10       947
I          3       948
I          6       949
I          9       950
I          5       951
I          1       952
I          7       953
I         12       954
I         10       955
I         12       956
I         12       957
I          2       958
I          6       959
I         10       960
I          7       961
I          4       962
I          7       963
I          3       964
I         11       965
I          4       966
I          7       967
I          2       968
I          8       969
I          7       970
I         12       971
I          6       972
I          2       973
I          1       974
I          2       975
I          9       976
I          8       977
I         12       978
I          2       979
I          6       980
I          4       981
I          9       982
I          5       983
I         12       984
I          3       985
I          7       986
I         12       987
I         10       988
I          4       989
I          1       990
I          9       991
I          6       992
I          5       993
I          7       994
I          4       995
I          8       996
I         12       997
I         11       998
I          1       999
I          6      1000
I          2      1001
I          6      1002
I         12      1003
I          4      1004
I         12      1005
I          8      1006
I          2      1007
I          5      1008
I          3      1009
I          3      1010
I          5      1011
I          4      1012
I          9      1013
I         11      1014
I         11      1015
I         11      1016
I         11      1017
I         10      1018
I          9      1019
I          7      1020
I          9      1021
I          5      1022
I          3      1023
I         10      1024
I          2      1025
I          2      1026
I          4      1027
I          6      1028
I          2      1029
I         10      1030
I          1      1031
I          8      1032
I          6      1033
I          8      1034
I          3      1035
I          1      1036
I          8      1037
I         10      1038
I          3      1039
I          6      1040
I          3      1041
I         11      1042
I          8      1043
I         12      1044
I          7      1045
I         10      1046
I          3      1047
I         10      1048
I          8      1049
I          6      1050
I          1      1051
I          8      1052
I         11      1053
I         11      1054
I         10      1055
I          5      1056
I          1      1057
I          2      1058
I          6      1059
I         10      1060
I          1      1061
I          8      1062
I          4      1063
I         11      1064
I          2      1065
I          1      1066
I          4      1067
I          6      1068
I         11      1069
I          1      1070
I          6      1071
I         11      1072
I          3      1073
I          7      1074
I          8      1075
I          5      1076
I          5      1077
I          2      1078
I          1      1079
I          8      1080
I          6      1081
I          5      1082
I          5      1083
I          1      1084
I          5      1085
I          3      1086
I         12      1087
I          3      1088
I          5      1089
I         11      1090
I          9      1091
I          7      1092
I          5      1093
I          2      1094
I         11      1095
I          9      1096
I          7      1097
I         10      1098
I          3      1099
I          9      1100
I          1      1101
I          3      1102
I          9      1103
I          9      1104
I          2      1105
I         12      1106
I          1      1107
I         12      1108
I          7      1109
I          4      1110
I         11      1111
I          6      1112
I         12      1113
I          6      1114
I          5      1115
I         11      1116
I          5      1117
I         11      1118
I          3      1119
I          7      1120
I         12      1121
I         12      1122
I          9      1123
I         12      1124
I         10      1125
I          8      1126
I          3      1127
I          9      1128
I          1      1129
I          9      1130
I          2      1131
I         11      1132
I          7      1133
I         12      1134
I          3      1135
I          5      1136
I          6      1137
I          8      1138
I          6      1139
I          6      1140
I          2      1141
I          3      1142
I          6      1143
I          1      1144
I          4      1145
I          8      1146
I          1      1147
I          9      1148
I         12      1149
I          4      1150
I          5      1151
I          5      1152
I          5      1153
I          4      1154
I          9      1155
I         10      1156
I          9      1157
I          9      1158
I          6      1159
I          7      1160
I          5      1161
I         11      1162
I         11      1163
I          1      1164
I          8      1165
I          6      1166
I          8      1167
I         12      1168
I          1      1169
I          8      1170
I          5      1171
I         12      1172
I          4      1173
I          1      1174
I         10      1175
I         11      1176
I          7      1177
I          1      1178
I         11      1179
I          4      1180
I         12      1181
I          6      1182
I          6      1183
I          8      1184
I         10      1185
I          9      1186
I          1      1187
I          9      1188
I          2      1189
I          6      1190
I         11      1191
I          7      1192
I          8      1193
I          3      1194
I         12      1195
I          7      1196
I         12      1197
I          4      1198
I          3      1199
I          6      1200
I          1      1201
I          6      1202
I         10      1203
I          6      1204
I         10      1205
I          2      1206
I          9      1207
I          6      1208
I          5      1209
I         10      1210
I          4      1211
I         10      1212
I          8      1213
I         12      1214
I          8      1215
I         10      1216
I          1      1217
I          5      1218
I          9      1219
I          1      1220
I          3      1221
I         11      1222
I          7      1223
I          4      1224
I          7      1225
I          8      1226
I         11      1227
I          8      1228
I          8      1229
I          1      1230
I         11      1231
I          9      1232
I         12      1233
I          1      1234
I         10      1235
I         11      1236
I          9      1237
I          8      1238
I          6      1239
I          2      1240
I         12      1241
I          4      1242
I          7      1243
I          4      1244
I          7      1245
I          5      1246
I          3      1247
I         12      1248
I          7      1249
I          6      1250
I          9      1251
I          7      1252
I         10      1253
I         11      1254
I         12      1255
I          6      1256
I          9      1257
I         10      1258
I          8      1259
I          1      1260
I          7      1261
I          5      1262
I          9      1263
I         10      1264
I         10      1265
I          9      1266
I          4      1267
I          1      1268
I          4      1269
I         12      1270
I          3      1271
I          9      1272
I          5      1273
I          1      1274
I          9      1275
I          1      1276
I         10      1277
I         10      1278
I          2      1279
I          9      1280
I          5      1281
I         10      1282
I          4      1283
I          1      1284
I         11      1285
I         12      1286
I          1      1287
I          2      1288
I          3      1289
I         10      1290
I          8      1291
I          1      1292
I          5      1293
I         11      1294
I          4      1295
I          7      1296
I          5      1297
I          3      1298
I         11      1299
I          4      1300
I          1      1301
I          7      1302
I         11      1303
I          5      1304
I         12      1305
I          8      1306
I          1      1307
I          4      1308
I          1      1309
I         12      1310
I         10      1311
I          2      1312
I         10      1313
I          2      1314
I         11      1315
I          3      1316
I          1      1317
I         12      1318
I          8      1319
I          5      1320
I          2      1321
I          7      1322
I          7      1323
I          5      1324
I         12      1325
I          8      1326
I         11      1327
I         10      1328
I          9      1329
I          1      1330
I         10      1331
I          7      1332
I          5      1333
I          3      1334
I          5      1335
I         10      1336
I         12      1337
I          3      1338
I          5      1339
I          9      1340
I          5      1341
I          1      1342
I          2      1343
I          9      1344
I         10      1345
I         12      1346
I          8      1347
I          9      1348
I          7      1349
I          6      1350
I          1      1351
I          3      1352
I          6      1353
I          4      1354
I          2      1355
I          1      1356
I         10      1357
I          3      1358
I          5      1359
I          2      1360
I          8      1361
I          6      1362
I          1      1363
I          6      1364
I          3      1365
I          2      1366
I          2      1367
I          1      1368
I          8      1369
I          9      1370
I          2      1371
I          3      1372
I          6      1373
I         10      1374
I         10      1375
I         10      1376
I         10      1377
I         12      1378
I          5      1379
I          5      1380
I          8      1381
I         12      1382
I          6      1383
I          7      1384
I         10      1385
I          1      1386
I          2      1387
I          1      1388
I          1      1389
I         10      1390
I          7      1391
I          4      1392
I          2      1393
I         12      1394
I          1      1395
I          1      1396
I          1      1397
I          5      1398
I          4      1399
I          3      1400
I         12      1401
I          5      1402
I          4      1403
I          4      1404
I          2      1405
I         10      1406
I         10      1407
I         11      1408
I         12      1409
I         11      1410
I          8      1411
I          2      1412
I          7      1413
I          4      1414
I          8      1415
I          3      1416
I          7      1417
I          7      1418
I          6      1419
I          6      1420
I         10      1421
I          1      1422
I         12      1423
I          3      1424
I          1      1425
I          9      1426
I          7      1427
I          6      1428
I          6      1429
I          1      1430
I          6      1431
I          2      1432
I          9      1433
I          3      1434
I         11      1435
I         11      1436
I          4      1437
I          6      1438
I         10      1439
I          1      1440
I          1      1441
I          5      1442
I          7      1443
I          6      1444
I          7      1445
I          8      1446
I          6      1447
I          2      1448
I         10      1449
I         12      1450
I          3      1451
I         11      1452
I          2      1453
I          7      1454
I          7      1455
I          9      1456
I         12      1457
I         12      1458
I          2      1459
I          5      1460
I         10      1461
I          1      1462
I          3      1463
I          2      1464
I          9      1465
I          8      1466
I          2      1467
I          7      1468
I          9      1469
I          9      1470
I         11      1471
I          3      1472
I          9      1473
I          3      1474
I         12      1475
I          5      1476
I          3      1477
I         12      1478
I          6      1479
I          2      1480
I         10      1481
I          2      1482
I          8      1483
I         12      1484
I          9      1485
I         12      1486
I         12      1487
I          2      1488
I          1      1489
I          9      1490
I          5      1491
I          5      1492
I          3      1493
I          9      1494
I         11      1495
I          3      1496
I          6      1497
I          9      1498
I          5      1499
I         11      1500
I          7      1501
I          1      1502
I          3      1503
I          7      1504
I          6      1505
I          4      1506
I         10      1507
I          4      1508
I          7      1509
I         11      1510
I          9      1511
I          9      1512
I          1      1513
I         11      1514
I          9      1515
I          5      1516
I          7      1517
I          5      1518
I          2      1519
I          1      1520
I          4      1521
I          8      1522
I         12      1523
I          6      1524
I          6      1525
I          8      1526
I          8      1527
I          9      1528
I          1      1529
I         11      1530
I          7      1531
I          2      1532
I          1      1533
I          4      1534
I         10      1535
I          3      1536
I          2      1537
I          3      1538
I          4      1539
I          6      1540
I          5      1541
I          4      1542
I          3      1543
I         12      1544
I          2      1545
I          2      1546
I          3      1547
I          3      1548
I         10      1549
I          7      1550
I          2      1551
I         12      1552
I          7      1553
I          3      1554
I          5      1555
I          3      1556
I          5      1557
I          9      1558
I          6      1559
I          4      1560
I         12      1561
I          6      1562
I         10      1563
I          7      1564
I          4      1565
I          1      1566
I          4      1567
I         11      1568
I          1      1569
I          1      1570
I          3      1571
I          6      1572
I          9      1573
I         10      1574
I          9      1575
I          3      1576
I          3      1577
I          6      1578
I          1      1579
I         11      1580
I          2      1581
I          9      1582
I          6      1583
I          6      1584
I          5      1585
I         11      1586
I          6      1587
I          4      1588
I          1      1589
I         11      1590
I          1      1591
I          5      1592
I          3      1593
I          3      1594
I         12      1595
I          3      1596
I         10      1597
I          6      1598
I          4      1599
I          3      1600
I          1      1601
I          7      1602
I          1      1603
I          7      1604
I          5      1605
I         12      1606
I         10      1607
I         11      1608
I          7      1609
I          4      1610
I         12      1611
I          5      1612
I          3      1613
I          3      1614
I          6      1615
I          2      1616
I          3      1617
I         10      1618
I          7      1619
I          6      1620
I         12      1621
I          4      1622
I         10      1623
I          5      1624
I          9      1625
I          7      1626
I          6      1627
I          5      1628
I         11      1629
I          8      1630
I          6      1631
I          4      1632
I          5      1633
I          3      1634
I         10      1635
I          8      1636
I         12      1637
I          9      1638
I          9      1639
I          8      1640
I          8      1641
I          8      1642
I         10      1643
I          5      1644
I          3      1645
I          4      1646
I          1      1647
I          5      1648
I         11      1649
I          4      1650
I          7      1651
I          8      1652
I         12      1653
I          4      1654
I          4      1655
I          3      1656
I          1      1657
I          3      1658
I         12      1659
I          8      1660
I          6      1661
I          1      1662
I          7      1663
I          5      1664
I         11      1665
I          4      1666
I          7      1667
I          2      1668
I          8      1669
I         12      1670
I          9      1671
I         10      1672
I          1      1673
I         11      1674
I         10      1675
I          6      1676
I          8      1677
I          8      1678
I         10      1679
I          8      1680
I         10      1681
I          3      1682
I         11      1683
I          4      1684
I          6      1685
I         10      1686
I          1      1687
I         11      1688
I          8      1689
I         10      1690
I          2      1691
I          9      1692
I          3      1693
I         11      1694
I         12      1695
I          4      1696
I          5      1697
I          3      1698
I          4      1699
I          8      1700
I         12      1701
I          2      1702
I         11      1703
I          1      1704
I          1      1705
I          5      1706
I          5      1707
I          2      1708
I          2      1709
I          5      1710
I         10      1711
I         12      1712
I          7      1713
I          8      1714
I          9      1715
I         11      1716
I          2      1717
I         10      1718
I         10      1719
I          9      1720
I         10      1721
I          1      1722
I          2      1723
I         10      1724
I          9      1725
I          1      1726
I         12      1727
I          2      1728
I         11      1729
I          5      1730
I          7      1731
I         11      1732
I          5      1733
I          3      1734
I          9      1735
I          7      1736
I          9      1737
I         11      1738
I         12      1739
I          8      1740
I          4      1741
I          5      1742
I          9      1743
I          7      1744
I          1      1745
I         11      1746
I          4      1747
I         10      1748
I         10      1749
I          8      1750
I          5      1751
I         11      1752
I          3      1753
I          5      1754
I          3      1755
I         12      1756
I         12      1757
I          2      1758
I          8      1759
I          7      1760
I          8      1761
I          9      1762
I         10      1763
I          7      1764
I          9      1765
I          1      1766
I          4      1767
I         10      1768
I         10      1769
I          5      1770
I          8      1771
I          4      1772
I          8      1773
I          4      1774
I          2      1775
I          2      1776
I         11      1777
I          5      1778
I          4      1779
I          4      1780
I          2      1781
I         10      1782
I          1      1783
I          9      1784
I          4      1785
I          5      1786
I          2      1787
I          2      1788
I         12      1789
I          5      1790
I          8      1791
I         12      1792
I          9      1793
I          4      1794
I          6      1795
I          5      1796
I          7      1797
I          8      1798
I          1      1799
I          8      1800
I          7      1801
I         11      1802
I         11      1803
I         10      1804
I          3      1805
I          8      1806
I          6      1807
I          5      1808
I          5      1809
I          9      1810
I          8      1811
I          9      1812
I          2      1813
I          2      1814
I          9      1815
I         11      1816
I          6      1817
I         12      1818
I          3      1819
I          3      1820
I         11      1821
I          8      1822
I         12      1823
I          4      1824
I         10      1825
I         12      1826
I         11      1827
I          3      1828
I         12      1829
I          7      1830
I          3      1831
I          2      1832
I          2      1833
I          7      1834
I          3      1835
I          3      1836
I          1      1837
I          5      1838
I          7      1839
I          6      1840
I         12      1841
I          6      1842
I         10      1843
I         11      1844
I          1      1845
I         12      1846
I         10      1847
I          2      1848
I         11      1849
I          3      1850
I          4      1851
I          4      1852
I          5      1853
I          3      1854
I          9      1855
I          7      1856
I          5      1857
I          2      1858
I         12      1859
I          1      1860
I         10      1861
I          8      1862
I         11      1863
I         12      1864
I         12      1865
I         12      1866
I         12      1867
I         10      1868
I         10      1869
I          5      1870
I          3      1871
I         11      1872
I         10      1873
I          6      1874
I          1      1875
I          4      1876
I          9      1877
I          7      1878
I          8      1879
I          3      1880
I          6      1881
I          9      1882
I          8      1883
I          9      1884
I          5      1885
I          8      1886
I          7      1887
I          9      1888
I          6      1889
I          6      1890
I         10      1891
I          1      1892
I          6      1893
I         12      1894
I          2      1895
I         10      1896
I          2      1897
I          5      1898
I         10      1899
I          6      1900
I          4      1901
I          6      1902
I          9      1903
I          5      1904
I          2      1905
I         10      1906
I          3      1907
I         10      1908
I          5      1909
I          1      1910
I          5      1911
I          5      1912
I         11      1913
I          9      1914
I         10      1915
I          1      1916
I          8      1917
I         10      1918
I          7      1919
I          7      1920
I          7      1921
I         11      1922
I         10      1923
I         10      1924
I         12      1925
I          4      1926
I          2      1927
I          1      1928
I         10      1929
I          9      1930
I          9      1931
I          9      1932
I          8      1933
I          1      1934
I          3      1935
I          6      1936
I          8      1937
I          3      1938
I         12      1939
I          9      1940
I          3      1941
I          5      1942
I         10      1943
I          9      1944
I         11      1945
I          1      1946
I          9      1947
I          7      1948
I         12      1949
I          3      1950
I         12      1951
I         12      1952
I          4      1953
I          2      1954
I          6      1955
I         10      1956
I          5      1957
I          8      1958
I          2      1959
I          3      1960
I          2      1961
I          8      1962
I          2      1963
I         11      1964
I          8      1965
I          4      1966
I          8      1967
I          3      1968
I         11      1969
I         10      1970
I          4      1971
I          3      1972
I         10      1973
I          9      1974
I          4      1975
I          1      1976
I          1      1977
I          4      1978
I          7      1979
I          3      1980
I          3      1981
I          8      1982
I         10      1983
I         12      1984
I          9      1985
I         12      1986
I          9      1987
I          9      1988
I          5      1989
I          6      1990
I         10      1991
I         12      1992
I          4      1993
I          8      1994
I          1      1995
I          7      1996
I         10      1997
I         10      1998
I          1      1999
I          7      2000
I         12      2001
I          8      2002
I          3      2003
I          3      2004
I          5      2005
I          6      2006
I          2      2007
I          9      2008
I          9      2009
I          7      2010
I          5      2011
I          1      2012
I          6      2013
I         10      2014
I          6      2015
I          8      2016
I          4      2017
I          7      2018
I          5      2019
I          1      2020
I         11      2021
I         12      2022
I          3      2023
I         11      2024
I          1      2025
I         10      2026
I          5      2027
I          6      2028
I          6      2029
I          6      2030
I         11      2031
I         12      2032
I          7      2033
I          2      2034
I         11      2035
I         11      2036
I         10      2037
I          5      2038
I          1      2039
I         12      2040
I          9      2041
I          1      2042
I          5      2043
I          5      2044
I         12      2045
I         10      2046
I         11      2047
E
E
E
E
E
E
E
E
E
E
E
E
E
E
E
E
E
E
E
E
E
E
E
E
E
E
E
E
E
E
E
E
E
E
E
E
E
E
E
E
E
E
E
E
E
E
E
E
E
E
E
E
E
E
E
E
E
E
E
E
E
E
E
E
E
E
E
E
E
E
E
E
E
E
E
E
E
E
E
E
E
E
E
E
E
E
E
E
E
E
E
E
E
E
E
E
E
E
E
E
E
E
E
E
E
E
E
E
E
E
E
E
E
E
E
E
E
E
E
E
E
E
E
E
E
E
E
E
E
E
E
E
E
E
E
E
E
E
E
E
E
E
E
E
E
E
E
E
E
E
E
E
E
E
E
E
E
E
E
E
E
E
E
E
E
E
E
E
E
E
E
E
E
E
E
E
E
E
E
E
E
E
E
E
E
E
E
E
E
E
E
E
E
E
E
E
E
E
E
E
E
E
E
E
E
E
E
E
E
E
E
E
E
E
E
E
E
E
E
E
E
E
E
E
E
E
E
E
E
E
E
E
E
E
E
E
E
E
E
E
E
E
E
E
E
E
E
E
E
E
E
E
E
E
E
E
E
E
E
E
E
E
E
E
E
E
E
E
E
E
E
E
E
E
E
E
E
E
E
E
E
E
E
E
E
E
E
E
E
E
E
E
E
E
E
E
E
E
E
E
E
E
E
E
E
E
E
E
E
E
E
E
E
E
E
E
E
E
E
E
E
E
E
E
E
E
E
E
E
E
E
E
E
E
E
E
E
E
E
E
E
E
E
E
E
E
E
E
E
E
E
E
E
E
E
E
E
E
E
E
E
E
E
E
E
E
E
E
E
E
E
E
E
E
E
E
E
E
E
E
E
E
E
E
E
E
E
E
E
E
E
E
E
E
E
E
E
E
E
E
E
E
E
E
E
E
E
E
E
E
E
E
E
E
E
E
E
E
E
E
E
E
E
E
E
E
E
E
E
E
E
E
E
E
E
E
E
E
E
E
E
E
E
E
E
E
E
E
E
E
E
E
E
E
E
E
E
E
E
E
E
E
E
E
E
E
E
E
E
E
E
E
E
E
E
E
E
E
E
E
E
E
E
E
E
E
E
E
E
E
E
E
E
E
E
E
E
E
E
E
E
E
E
E
E
E
E
E
E
E
E
E
E
E
E
E
E
E
E
E
E
E
E
E
E
E
E
E
E
E
E
E
E
E
E
E
E
E
E
E
E
E
E
E
E
E
E
E
E
E
E
E
E
E
E
E
E
E
E
E
E
E
E
E
E
E
E
E
E
E
E
E
E
E
E
E
E
E
E
E
E
E
E
E
E
E
E
E
E
E
E
E
E
E
E
E
E
E
E
E
E
E
E
E
E
E
E
E
E
E
E
E
E
E
E
E
E
E
E
E
E
E
E
E
E
E
E
E
E
E
E
E
E
E
E
E
E
E
E
E
E
E
E
E
E
E
E
E
E
E
E
E
E
E
E
E
E
E
E
E
E
E
E
E
E
E
E
E
E
E
E
E
E
E
E
E
E
E
E
E
E
E
E
E
E
E
E
E
E
E
E
E
E
E
E
E
E
E
E
E
E
E
E
E
E
E
E
E
E
E
E
E
E
E
E
E
E
E
E
E
E
E
E
E
E
E
E
E
E
E
E
E
E
E
E
E
E
E
E
E
E
E
E
E
E
E
E
E
E
E
E
E
E
E
E
E
E
E
E
E
E
E
E
E
E
E
E
E
E
E
E
E
E
E
E
E
E
E
E
E
E
E
E
E
E
E
E
E
E
E
E
E
E
E
E
E
E
E
E
E
E
E
E
E
E
E
E
E
E
E
E
E
E
E
E
E
E
E
E
E
E
E
E
E
E
E
E
E
E
E
E
E
E
E
E
E
E
E
E
E
E
E
E
E
E
E
E
E
E
E
E
E
E
E
E
E
E
E
E
E
E
E
E
E
E
E
E
E
E
E
E
E
E
E
E
E
E
E
E
E
E
E
E
E
E
E
E
E
E
E
E
E
E
E
E
E
E
E
E
E
E
E
E
E
E
E
E
E
E
E
E
E
E
E
E
E
E
E
E
E
E
E
E
E
E
E
E
E
E
E
E
E
E
E
E
E
E
E
E
E
E
E
E
E
E
E
E
E
E
E
E
E
E
E
E
E
E
E
E
E
E
E
E
E
E
E
E
E
E
E
E
E
E
E
E
E
E
E
E
E
E
E
E
E
E
E
E
E
E
E
E
E
E
E
E
E
E
E
E
E
E
E
E
E
E
E
E
E
E
E
E
E
E
E
E
E
E
E
E
E
E
E
E
E
E
E
E
E
E
E
E
E
E
E
E
E
E
E
E
E
E
E
E
E
E
E
E
E
E
E
E
E
E
E
E
E
E
E
E
E
E
E
E
E
E
E
E
E
E
E
E
E
E
E
E
E
E
E
E
E
E
E
E
E
E
E
E
E
E
E
E
E
E
E
E
E
E
E
E
E
E
E
E
E
E
E
E
E
E
E
E
E
E
E
E
E
E
E
E
E
E
E
E
E
E
E
E
E
E
E
E
E
E
E
E
E
E
E
E
E
E
E
E
E
E
E
E
E
E
E
E
E
E
E
E
E
E
E
E
E
E
E
E
E
E
E
E
E
E
E
E
E
E
E
E
E
E
E
E
E
E
E
E
E
E
E
E
E
E
E
E
E
E
E
E
E
E
E
E
E
E
E
E
E
E
E
E
E
E
E
E
E
E
E
E
E
E
E
E
E
E
E
E
E
E
E
E
E
E
E
E
E
E
E
E
E
E
E
E
E
E
E
E
E
E
E
E
E
E
E
E
E
E
E
E
E
E
E
E
E
E
E
E
E
E
E
E
E
E
E
E
E
E
E
E
E
E
E
E
E
E
E
E
E
E
E
E
E
E
E
E
E
E
E
E
E
E
E
E
E
E
E
E
E
E
E
E
E
E
E
E
E
E
E
E
E
E
E
E
E
E
E
E
E
E
E
E
E
E
E
E
E
E
E
E
E
E
E
E
E
E
E
E
E
E
E
E
E
E
E
E
E
E
E
E
E
E
E
E
E
E
E
E
E
E
E
E
E
E
E
E
E
E
E
E
E
E
E
E
E
E
E
E
E
E
E
E
E
E
E
E
E
E
E
E
E
E
E
E
E
E
E
E
E
E
E
E
E
E
E
E
E
E
E
E
E
E
E
E
E
E
E
E
E
E
E
E
E
E
E
E
E
E
E
E
E
E
E
E
E
E
E
E
E
E
E
E
E
E
E
E
E
E
E
E
E
E
E
E
E
E
E
E
E
E
E
E
E
E
E
E
E
E
E
E
E
E
E
E
E
E
E
E
E
E
E
E
E
E
E
E
E
E
E
E
E
E
E
E
E
E
E
E
E
E
E
E
E
E
E
E
E
E
E
E
E
E
E
E
E
E
E
E
E
E
E
E
E
E
E
E
E
E
E
E
E
E
E
E
E
E
E
E
E
E
E
E
E
E
E
E
E
E
E
E
E
E
E
E
E
E
E
E
E
E
E
E
E
E
E
E
E
E
E
E
E
E
E
E
E
E
E
E
E
E
E
E
E
E
E
E
E
E
E
E
E
E
E
E
E
E
E
E
E
E
E
E
E
E
E
E
E
E
E
E
E
E
E
E
E
E
E
E
E
E
E
E
E
E
E
E
E
E
E
E
E
E
E
E
E
E
E
E
E
E
E
E
E
E
E
E
E
E
E
E
E
E
E
E
E
E
E
E
E
E
E
E
E
E
E
E
E
E
E
E
E
E
E
E
E
E
E
E
E
E
E
E
E
E
E
E
E
E
E
E
E
E
E
E
E
E
E
E
E
E
E
E
E
E
E
E
E
E
E
E
E
E
E
E
E
E
E
E
E
E
E
E
E
E
E
E
E
E
E
E
E
E
E
E
E
E
E
E
E
E
E
E
E
E
E
E
E
E
E
E
E
E
E
E
E
E
E
E
E
E
E
E
E
E
E
E
E
E
E
E
E
E
E
E
E
E
E
E
E
E
E
E
E
E
E
E
E
E
E
E
E
E
E
E
E
E
E
E
E
E
E
E
E
E
E
E
E
E
E
E
E
E
E
E
E
E
E
E
E
E
E
E
E
E
E
E
E
E
E
E
E
E
E
E
E
E
E
E
E
E
E
E
E
E
E
E
E
E
E
E
E
E
E
E
E
E
E
E
E
E
E
E
E
E
E
E
E
E
E
E
E
E
E
E
E
E
E
E
E
E
E
E
E
E
E
E
E
E
E
E
E
E
E
E
E
E
E
E
E
E
E
E
E
E
E
E
E
E
E
E
E
E
E
E
E
E
E
E
E
E
E
E
E
E
E
E
E
E
E
E
E
E
E
E
E
E
E
E
E
E
E
E
E
E
E
E
E
E
E
E
E
E
E
E
E
E
E
E
E
E
E
E
E
E
E
E
E
E
E
E
E
E
E
E
E
E
E
E
E
E
E
E
E
E
E
E
E
E
E
E
E
E
E
E
E
E
E
E
E
E
E
E
E
E
E
E
E
E
E
E
E
E
E
E
E
E
E
E
E
E
E
E
E
E
E
E
E
E
E
E
E
E
E
E
E
E
E
E
E
E
E
E
E
