batch_then_drain 512 23
I         10         0
I          3         1
I         11         2
I          9         3
I          3         4
I          8         5
I          2         6
I          7         7
I          3         8
I          5         9
I         10        10
I          3        11
I          5        12
I          8        13
I          7        14
I         11        15
I         12        16
I          6        17
I          7        18
I          2        19
I          9        20
I         12        21
I          3        22
I          6        23
I          6        24
I          2        25
I         10        26
I         11        27
I          9        28
I          5        29
I         10        30
I          2        31
I         12        32
I         12        33
I          1        34
I          5        35
I         11        36
I          3        37
I          5        38
I          6        39
I          9        40
I          1        41
I          6        42
I          3        43
I          9        44
I          8        45
I         10        46
I          5        47
I          7        48
I          1        49
I          6        50
I          4        51
I          8        52
I         12        53
I         12        54
I          9        55
I         11        56
I          8        57
I          1        58
I          1        59
I          8        60
I         12        61
I          3        62
I          7        63
I          8        64
I          7        65
I         12        66
I         10        67
I          7        68
I          9        69
I          4        70
I         10        71
I          5        72
I          2        73
I          7        74
I          8        75
I          1        76
I         11        77
I          6        78
I          5        79
I         10        80
I          2        81
I          3        82
I          3        83
I          2        84
I          2        85
I          2        86
I          6        87
I          5        88
I          8        89
I          5        90
I          2        91
I          1        92
I          1        93
I          9        94
I          2        95
I         10        96
I          4        97
I         11        98
I          5        99
I          2       100
I         10       101
I         12       102
I          9       103
I          3       104
I          2       105
I          6       106
I          6       107
I          8       108
I          8       109
I         12       110
I         11       111
I          8       112
I          5       113
I          2       114
I          4       115
I          8       116
I          6       117
I          2       118
I          6       119
I          6       120
I          8       121
I          7       122
I         12       123
I          6       124
I          8       125
I          3       126
I          8       127
I          8       128
I          7       129
I         11       130
I          5       131
I          8       132
I         11       133
I          5       134
I          2       135
I          9       136
I         10       137
I         11       138
I         10       139
I          4       140
I          1       141
I          4       142
I          6       143
I          6       144
I          9       145
I         11       146
I          7       147
I          6       148
I          5       149
I         12       150
I          4       151
I          2       152
I          1       153
I          3       154
I          2       155
I          3       156
I         12       157
I          4       158
I          8       159
I          7       160
I         10       161
I          5       162
I          1       163
I          1       164
I          2       165
I         12       166
I          5       167
I         11       168
I         11       169
I         10       170
I          4       171
I          2       172
I          3       173
I          8       174
I         11       175
I          7       176
I         11       177
I          5       178
I         12       179
I          4       180
I          2       181
I         12       182
I          6       183
I          6       184
I          3       185
I          2       186
I         10       187
I          2       188
I          5       189
I          8       190
I          3       191
I         12       192
I         10       193
I          1       194
I          6       195
I         10       196
I          1       197
I          6       198
I          5       199
I         12       200
I          6       201
I          6       202
I          9       203
I          4       204
I          4       205
I          8       206
I          1       207
I          4       208
I          8       209
I          6       210
I         10       211
I         10       212
I          3       213
I          1       214
I          8       215
I          6       216
I          9       217
I          3       218
I         12       219
I          7       220
I          2       221
I          2       222
I          9       223
I          4       224
I          7       225
I          6       226
I          3       227
I         11       228
I          6       229
I          9       230
I          1       231
I          2       232
I          1       233
I          5       234
I          1       235
I          1       236
I          5       237
I          2       238
I          7       239
I          6       240
I          4       241
I          3       242
I          7       243
I          6       244
I          6       245
I         11       246
I          4       247
I          9       248
I          5       249
I          4       250
I          6       251
I          5       252
I          6       253
I          2       254
I          1       255
I         11       256
I          9       257
I          8       258
I         10       259
I          8       260
I          4       261
I          5       262
I          6       263
I          8       264
I          9       265
I         12       266
I          1       267
I          2       268
I         11       269
I          5       270
I          9       271
I          3       272
I         12       273
I          2       274
I          6       275
I         11       276
I          4       277
I          7       278
I          2       279
I          6       280
I         11       281
I          4       282
I          9       283
I          2       284
I          5       285
I          7       286
I          3       287
I          3       288
I         10       289
I          4       290
I         12       291
I          8       292
I         11       293
I          8       294
I          4       295
I         11       296
I          8       297
I         11       298
I          6       299
I         12       300
I          1       301
I          6       302
I          7       303
I          6       304
I         11       305
I          2       306
I          1       307
I          6       308
I          2       309
I         12       310
I          4       311
I          4       312
I          1       313
I          9       314
I          3       315
I          5       316
I         11       317
I          2       318
I          3       319
I          6       320
I          8       321
I         11       322
I          8       323
I         10       324
I          3       325
I          3       326
I          8       327
I         12       328
I          2       329
I         12       330
I          9       331
I          8       332
I         12       333
I          6       334
I          4       335
I          3       336
I          1       337
I         10       338
I          1       339
I          5       340
I          9       341
I          2       342
I          6       343
I          3       344
I          1       345
I          9       346
I          6       347
I          2       348
I         11       349
I          8       350
I          5       351
I          7       352
I          6       353
I          9       354
I          4       355
I          2       356
I          5       357
I          4       358
I          3       359
I          3       360
I          2       361
I          3       362
I         12       363
I          8       364
I          6       365
I         11       366
I          4       367
I          7       368
I          3       369
I         12       370
I          9       371
I          1       372
I          4       373
I          7       374
I          9       375
I          7       376
I          3       377
I          2       378
I          6       379
I          5       380
I         10       381
I          1       382
I         11       383
I          3       384
I         12       385
I          5       386
I          6       387
I          4       388
I          9       389
I          4       390
I          6       391
I          7       392
I          2       393
I          4       394
I          7       395
I         11       396
I          4       397
I          7       398
I          1       399
I          7       400
I          5       401
I          6       402
I          4       403
I         10       404
I          7       405
I          3       406
I         10       407
I          4       408
I          8       409
I          3       410
I          7       411
I          8       412
I          2       413
I          2       414
I          2       415
I          9       416
I          3       417
I         12       418
I          9       419
I         11       420
I          3       421
I          2       422
I         10       423
I          2       424
I          8       425
I         11       426
I         10       427
I          5       428
I          4       429
I          8       430
I          9       431
I         12       432
I          7       433
I         11       434
I          4       435
I          8       436
I          7       437
I          3       438
I         12       439
I         12       440
I         10       441
I          4       442
I          1       443
I          5       444
I          2       445
I          5       446
I          1       447
I          1       448
I          3       449
I         12       450
I          2       451
I         11       452
I         11       453
I          3       454
I          3       455
I          9       456
I          6       457
I          8       458
I          3       459
I          9       460
I          6       461
I          6       462
I         12       463
I          9       464
I         10       465
I          6       466
I          1       467
I          1       468
I         12       469
I         12       470
I          2       471
I         11       472
I          3       473
I          2       474
I          2       475
I         12       476
I         11       477
I          5       478
I          9       479
I          3       480
I          7       481
I          6       482
I          6       483
I          7       484
I          5       485
I          3       486
I         12       487
I          2       488
I          4       489
I         11       490
I          4       491
I          2       492
I          9       493
I         11       494
I         11       495
I          9       496
I          6       497
I          6       498
I          5       499
I          1       500
I          2       501
I          8       502
I          5       503
I          6       504
I          8       505
I          3       506
I          8       507
I          5       508
I          4       509
I          6       510
I          1       511
E
E
E
E
E
E
E
E
E
E
E
E
E
E
E
E
E
E
E
E
E
E
E
E
E
E
E
E
E
E
E
E
E
E
E
E
E
E
E
E
E
E
E
E
E
E
E
E
E
E
E
E
E
E
E
E
E
E
E
E
E
E
E
E
E
E
E
E
E
E
E
E
E
E
E
E
E
E
E
E
E
E
E
E
E
E
E
E
E
E
E
E
E
E
E
E
E
E
E
E
E
E
E
E
E
E
E
E
E
E
E
E
E
E
E
E
E
E
E
E
E
E
E
E
E
E
E
E
E
E
E
E
E
E
E
E
E
E
E
E
E
E
E
E
E
E
E
E
E
E
E
E
E
E
E
E
E
E
E
E
E
E
E
E
E
E
E
E
E
E
E
E
E
E
E
E
E
E
E
E
E
E
E
E
E
E
E
E
E
E
E
E
E
E
E
E
E
E
E
E
E
E
E
E
E
E
E
E
E
E
E
E
E
E
E
E
E
E
E
E
E
E
E
E
E
E
E
E
E
E
E
E
E
E
E
E
E
E
E
E
E
E
E
E
E
E
E
E
E
E
E
E
E
E
E
E
E
E
E
E
E
E
E
E
E
E
E
E
E
E
E
E
E
E
E
E
E
E
E
E
E
E
E
E
E
E
E
E
E
E
E
E
E
E
E
E
E
E
E
E
E
E
E
E
E
E
E
E
E
E
E
E
E
E
E
E
E
E
E
E
E
E
E
E
E
E
E
E
E
E
E
E
E
E
E
E
E
E
E
E
E
E
E
E
E
E
E
E
E
E
E
E
E
E
E
E
E
E
E
E
E
E
E
E
E
E
E
E
E
E
E
E
E
E
E
E
E
E
E
E
E
E
E
E
E
E
E
E
E
E
E
E
E
E
E
E
E
E
E
E
E
E
E
E
E
E
E
E
E
E
E
E
E
E
E
E
E
E
E
E
E
E
E
E
E
E
E
E
E
E
E
E
E
E
E
E
E
E
E
E
E
E
E
E
E
E
E
E
E
E
E
E
E
E
E
E
E
E
E
E
E
E
E
E
E
E
E
E
E
E
E
E
E
E
E
E
E
E
E
E
E
E
E
E
E
E
E
E
E
E
E
E
E
E
E
E
E
E
E
E
E
E
E
E
E
E
E
E
E
E
E
E
