batch_then_drain 1024 23
I         12         0
I          4         1
I          4         2
I          6         3
I         10         4
I          1         5
I         10         6
I          1         7
I          5         8
I         11         9
I          1        10
I          1        11
I          2        12
I          1        13
I          6        14
I          6        15
I          1        16
I          3        17
I          2        18
I          5        19
I          9        20
I          5        21
I         12        22
I         12        23
I          9        24
I          9        25
I         12        26
I         10        27
I          3        28
I          7        29
I         10        30
I          1        31
I          8        32
I          6        33
I          3        34
I          1        35
I          2        36
I          8        37
I          8        38
I          3        39
I          7        40
I          7        41
I          2        42
I          5        43
I          9        44
I          5        45
I          9        46
I         12        47
I          2        48
I         12        49
I          1        50
I          5        51
I          8        52
I          7        53
I          7        54
I          2        55
I          1        56
I          4        57
I         10        58
I         12        59
I          5        60
I          1        61
I          7        62
I          7        63
I          1        64
I          3        65
I          8        66
I          3        67
I          3        68
I          7        69
I         11        70
I          3        71
I         10        72
I         10        73
I          8        74
I          6        75
I          9        76
I          9        77
I          2        78
I          5        79
I          3        80
I          5        81
I         11        82
I          7        83
I          8        84
I         11        85
I          2        86
I          6        87
I          5        88
I         12        89
I          6        90
I          6        91
I         12        92
I          4        93
I          9        94
I         10        95
I          9        96
I          4        97
I          6        98
I         11        99
I          5       100
I          6       101
I          5       102
I          7       103
I          5       104
I          3       105
I          3       106
I          5       107
I          1       108
I         11       109
I          3       110
I          3       111
I          9       112
I          1       113
I          2       114
I          8       115
I          9       116
I         11       117
I          8       118
I          2       119
I         10       120
I         12       121
I          9       122
I          2       123
I          3       124
I          2       125
I         11       126
I         11       127
I         10       128
I          3       129
I          2       130
I          9       131
I         12       132
I          7       133
I          1       134
I         12       135
I          3       136
I          7       137
I          4       138
I          3       139
I          6       140
I          7       141
I          6       142
I         12       143
I         10       144
I          6       145
I          4       146
I          2       147
I          9       148
I         12       149
I          8       150
I          9       151
I         11       152
I          7       153
I          2       154
I          7       155
I          6       156
I          5       157
I          4       158
I          2       159
I          3       160
I          1       161
I         12       162
I          3       163
I         12       164
I          4       165
I          8       166
I          5       167
I          4       168
I          6       169
I         10       170
I          3       171
I          1       172
I          9       173
I         12       174
I         10       175
I          8       176
I          8       177
I          9       178
I          8       179
I          8       180
I          1       181
I          5       182
I          5       183
I         12       184
I          4       185
I         12       186
I          2       187
I         10       188
I          6       189
I          5       190
I          4       191
I         12       192
I         11       193
I          6       194
I          8       195
I          9       196
I          5       197
I         11       198
I          4       199
I          1       200
I          2       201
I          4       202
I          3       203
I          5       204
I          7       205
I          6       206
I          4       207
I          1       208
I          3       209
I          6       210
I          3       211
I         12       212
I          5       213
I          5       214
I          2       215
I          9       216
I          5       217
I          1       218
I          2       219
I         10       220
I          6       221
I          1       222
I         11       223
I          1       224
I          4       225
I          3       226
I         12       227
I         11       228
I          6       229
I          7       230
I          6       231
I          5       232
I          2       233
I          2       234
I          8       235
I          4       236
I         12       237
I          3       238
I          3       239
I          2       240
I          2       241
I         11       242
I          5       243
I          4       244
I          8       245
I          1       246
I          5       247
I          1       248
I          7       249
I          9       250
I          7       251
I          1       252
I         12       253
I          1       254
I         12       255
I         12       256
I         12       257
I          5       258
I         10       259
I          2       260
I          5       261
I          2       262
I          3       263
I          8       264
I          3       265
I          6       266
I          7       267
I          9       268
I          9       269
I          9       270
I          1       271
I          4       272
I          6       273
I          2       274
I          8       275
I          6       276
I          2       277
I          8       278
I          6       279
I          1       280
I          7       281
I          4       282
I          5       283
I          5       284
I          6       285
I          1       286
I          4       287
I          9       288
I          1       289
I          5       290
I          2       291
I          5       292
I          7       293
I         11       294
I         12       295
I          9       296
I          2       297
I          4       298
I         10       299
I          2       300
I          3       301
I          5       302
I         12       303
I         11       304
I          4       305
I          3       306
I         12       307
I          8       308
I         12       309
I          6       310
I          3       311
I          8       312
I         11       313
I          1       314
I          5       315
I          2       316
I          3       317
I          9       318
I          4       319
I          3       320
I          7       321
I          1       322
I         11       323
I          2       324
I          4       325
I         10       326
I          5       327
I          4       328
I         10       329
I          4       330
I          4       331
I          7       332
I          7       333
I         10       334
I          1       335
I         12       336
I          8       337
I          9       338
I          8       339
I         10       340
I          8       341
I          6       342
I          4       343
I          4       344
I          7       345
I          3       346
I          5       347
I          5       348
I          5       349
I          3       350
I          4       351
I          4       352
I          1       353
I          1       354
I          3       355
I         11       356
I          3       357
I         12       358
I          3       359
I         11       360
I          1       361
I          1       362
I          5       363
I          7       364
I          6       365
I          3       366
I          9       367
I          8       368
I          7       369
I          7       370
I          2       371
I          9       372
I          6       373
I         12       374
I          1       375
I          4       376
I          6       377
I          3       378
I          1       379
I         12       380
I         11       381
I          2       382
I          8       383
I          8       384
I          8       385
I          3       386
I         10       387
I         11       388
I          1       389
I          3       390
I          5       391
I         12       392
I          9       393
I          3       394
I          5       395
I         11       396
I          3       397
I         12       398
I          2       399
I         12       400
I         12       401
I         12       402
I          7       403
I          3       404
I          1       405
I          6       406
I         10       407
I          6       408
I          8       409
I         11       410
I         10       411
I         12       412
I          8       413
I         12       414
I          3       415
I          7       416
I         12       417
I         12       418
I         12       419
I          3       420
I         11       421
I          2       422
I          1       423
I         11       424
I          2       425
I          6       426
I          4       427
I          1       428
I          5       429
I         10       430
I         11       431
I          5       432
I          2       433
I          2       434
I          3       435
I          5       436
I         12       437
I          8       438
I          6       439
I          4       440
I         11       441
I         12       442
I         10       443
I          4       444
I          1       445
I          3       446
I          8       447
I          1       448
I          5       449
I          5       450
I          1       451
I          8       452
I         11       453
I          3       454
I          6       455
I          9       456
I          7       457
I          8       458
I          3       459
I          3       460
I          7       461
I          3       462
I          6       463
I          4       464
I          3       465
I          3       466
I         10       467
I          1       468
I          5       469
I         12       470
I          1       471
I          2       472
I         12       473
I          8       474
I         12       475
I          4       476
I          2       477
I          8       478
I         12       479
I         10       480
I          7       481
I          3       482
I          2       483
I          6       484
I          1       485
I         11       486
I          1       487
I         11       488
I          3       489
I          9       490
I          8       491
I         10       492
I          2       493
I          7       494
I          6       495
I          2       496
I          1       497
I          7       498
I         12       499
I          1       500
I          5       501
I          6       502
I          8       503
I         12       504
I          8       505
I          2       506
I          1       507
I         12       508
I          1       509
I          1       510
I          7       511
I          8       512
I          2       513
I          9       514
I         10       515
I          8       516
I          3       517
I          6       518
I          8       519
I          8       520
I         10       521
I          4       522
I          4       523
I         10       524
I          8       525
I         12       526
I          8       527
I          8       528
I          7       529
I         10       530
I          6       531
I          6       532
I          8       533
I          3       534
I          7       535
I          1       536
I          3       537
I          4       538
I          8       539
I          2       540
I          4       541
I          1       542
I         12       543
I          6       544
I          2       545
I          9       546
I         10       547
I          9       548
I         10       549
I         12       550
I         11       551
I         11       552
I          9       553
I          8       554
I          2       555
I          4       556
I          3       557
I          1       558
I          3       559
I          7       560
I          2       561
I          6       562
I         12       563
I          3       564
I          2       565
I          7       566
I         12       567
I          4       568
I          8       569
I          9       570
I          3       571
I          7       572
I          4       573
I          4       574
I          6       575
I          8       576
I          8       577
I          7       578
I          2       579
I         11       580
I         12       581
I          2       582
I          4       583
I          1       584
I         12       585
I          5       586
I          6       587
I          7       588
I         11       589
I          9       590
I          1       591
I          3       592
I          7       593
I          7       594
I          1       595
I          6       596
I         12       597
I          8       598
I          7       599
I          7       600
I          1       601
I          7       602
I         10       603
I         11       604
I         10       605
I          2       606
I          6       607
I          5       608
I         12       609
I          8       610
I          4       611
I          5       612
I          5       613
I          8       614
I          8       615
I          9       616
I         10       617
I          7       618
I          6       619
I          7       620
I          2       621
I          7       622
I          4       623
I          4       624
I          8       625
I         11       626
I          8       627
I         12       628
I          2       629
I         11       630
I         10       631
I          3       632
I          4       633
I          6       634
I         11       635
I         11       636
I          5       637
I         10       638
I          8       639
I          8       640
I         11       641
I         12       642
I         11       643
I         10       644
I          4       645
I          8       646
I          5       647
I          1       648
I         11       649
I          9       650
I          6       651
I          2       652
I         12       653
I          8       654
I          3       655
I         11       656
I         11       657
I          3       658
I          6       659
I          9       660
I         10       661
I          2       662
I         11       663
I         12       664
I          7       665
I          7       666
I         12       667
I          5       668
I         12       669
I          5       670
I         10       671
I         12       672
I         11       673
I          3       674
I          4       675
I          8       676
I         10       677
I          2       678
I          9       679
I          1       680
I         11       681
I          5       682
I          8       683
I          6       684
I         11       685
I          3       686
I          4       687
I         12       688
I          4       689
I          2       690
I          5       691
I          7       692
I          5       693
I          9       694
I         11       695
I          1       696
I          7       697
I          1       698
I         12       699
I          2       700
I          5       701
I          5       702
I          7       703
I         10       704
I          7       705
I          8       706
I          1       707
I         11       708
I          1       709
I          2       710
I          3       711
I          3       712
I          7       713
I          7       714
I          1       715
I          5       716
I          2       717
I          4       718
I         11       719
I          4       720
I          6       721
I          4       722
I          1       723
I          2       724
I          2       725
I          2       726
I          1       727
I          3       728
I          2       729
I         10       730
I         10       731
I          1       732
I          7       733
I          3       734
I          4       735
I          4       736
I          2       737
I          3       738
I         11       739
I          4       740
I          2       741
I          4       742
I          6       743
I          6       744
I         12       745
I         11       746
I          2       747
I          5       748
I         10       749
I         10       750
I         11       751
I          7       752
I          1       753
I          3       754
I          3       755
I          5       756
I          5       757
I          8       758
I         12       759
I          4       760
I          9       761
I          1       762
I         12       763
I          5       764
I          5       765
I          2       766
I          5       767
I          9       768
I          9       769
I          7       770
I          6       771
I          6       772
I         11       773
I          3       774
I          4       775
I          7       776
I         12       777
I          4       778
I          5       779
I          5       780
I          2       781
I          2       782
I          7       783
I          3       784
I         10       785
I          8       786
I          7       787
I          9       788
I          6       789
I          6       790
I          3       791
I          4       792
I          9       793
I          7       794
I         12       795
I          1       796
I          2       797
I          1       798
I          8       799
I          2       800
I          7       801
I          9       802
I          8       803
I          5       804
I          9       805
I          2       806
I          8       807
I         12       808
I         11       809
I          2       810
I          4       811
I         11       812
I          6       813
I          5       814
I          1       815
I          2       816
I         11       817
I          2       818
I         11       819
I          8       820
I         10       821
I          6       822
I          9       823
I          6       824
I          1       825
I          9       826
I          7       827
I          2       828
I         10       829
I          2       830
I          6       831
I          8       832
I          5       833
I          7       834
I          7       835
I          5       836
I         12       837
I         12       838
I          3       839
I         10       840
I          9       841
I          5       842
I          9       843
I          2       844
I          4       845
I          2       846
I          5       847
I          1       848
I         10       849
I          4       850
I          3       851
I         10       852
I          4       853
I          9       854
I          6       855
I          5       856
I          1       857
I          5       858
I          9       859
I          6       860
I          8       861
I          1       862
I          7       863
I         12       864
I          8       865
I          3       866
I          2       867
I          4       868
I          3       869
I         11       870
I          2       871
I          1       872
I          6       873
I          9       874
I          1       875
I         12       876
I          8       877
I          7       878
I         11       879
I          4       880
I          6       881
I          8       882
I          6       883
I         11       884
I          9       885
I         12       886
I          2       887
I         12       888
I          9       889
I          7       890
I          8       891
I          9       892
I          5       893
I          7       894
I          7       895
I          9       896
I          3       897
I          8       898
I          1       899
I          9       900
I         12       901
I          9       902
I         11       903
I          3       904
I         10       905
I          7       906
I          4       907
I          1       908
I          3       909
I         10       910
I          9       911
I          4       912
I         10       913
I          2       914
I         10       915
I          8       916
I          2       917
I          1       918
I          5       919
I          1       920
I         12       921
I          3       922
I          2       923
I          8       924
I          4       925
I          5       926
I          9       927
I          6       928
I         10       929
I         11       930
I          6       931
I          8       932
I          4       933
I          6       934
I          6       935
I          4       936
I          2       937
I         12       938
I          6       939
I          2       940
I          3       941
I          6       942
I          2       943
I          6       944
I         10       945
I          1       946
I          8       947
I          5       948
I          4       949
I          6       950
I          4       951
I          3       952
I          9       953
I         11       954
I          6       955
I          9       956
I          2       957
I         10       958
I          2       959
I         11       960
I          4       961
I          7       962
I          8       963
I         12       964
I         12       965
I          7       966
I         10       967
I          9       968
I          1       969
I          5       970
I          4       971
I          8       972
I         12       973
I          9       974
I          9       975
I         11       976
I         12       977
I         12       978
I          8       979
I          6       980
I          6       981
I          8       982
I          7       983
I         11       984
I          8       985
I         12       986
I          3       987
I         12       988
I         10       989
I          8       990
I          3       991
I          9       992
I          5       993
I         12       994
I          5       995
I         10       996
I          4       997
I          3       998
I          4       999
I          8      1000
I         10      1001
I          5      1002
I          4      1003
I          7      1004
I          5      1005
I          1      1006
I          4      1007
I         12      1008
I          4      1009
I          5      1010
I         11      1011
I          2      1012
I         12      1013
I          7      1014
I          6      1015
I         12      1016
I          6      1017
I          7      1018
I         12      1019
I          6      1020
I          4      1021
I          9      1022
I          6      1023
E
E
E
E
E
E
E
E
E
E
E
E
E
E
E
E
E
E
E
E
E
E
E
E
E
E
E
E
E
E
E
E
E
E
E
E
E
E
E
E
E
E
E
E
E
E
E
E
E
E
E
E
E
E
E
E
E
E
E
E
E
E
E
E
E
E
E
E
E
E
E
E
E
E
E
E
E
E
E
E
E
E
E
E
E
E
E
E
E
E
E
E
E
E
E
E
E
E
E
E
E
E
E
E
E
E
E
E
E
E
E
E
E
E
E
E
E
E
E
E
E
E
E
E
E
E
E
E
E
E
E
E
E
E
E
E
E
E
E
E
E
E
E
E
E
E
E
E
E
E
E
E
E
E
E
E
E
E
E
E
E
E
E
E
E
E
E
E
E
E
E
E
E
E
E
E
E
E
E
E
E
E
E
E
E
E
E
E
E
E
E
E
E
E
E
E
E
E
E
E
E
E
E
E
E
E
E
E
E
E
E
E
E
E
E
E
E
E
E
E
E
E
E
E
E
E
E
E
E
E
E
E
E
E
E
E
E
E
E
E
E
E
E
E
E
E
E
E
E
E
E
E
E
E
E
E
E
E
E
E
E
E
E
E
E
E
E
E
E
E
E
E
E
E
E
E
E
E
E
E
E
E
E
E
E
E
E
E
E
E
E
E
E
E
E
E
E
E
E
E
E
E
E
E
E
E
E
E
E
E
E
E
E
E
E
E
E
E
E
E
E
E
E
E
E
E
E
E
E
E
E
E
E
E
E
E
E
E
E
E
E
E
E
E
E
E
E
E
E
E
E
E
E
E
E
E
E
E
E
E
E
E
E
E
E
E
E
E
E
E
E
E
E
E
E
E
E
E
E
E
E
E
E
E
E
E
E
E
E
E
E
E
E
E
E
E
E
E
E
E
E
E
E
E
E
E
E
E
E
E
E
E
E
E
E
E
E
E
E
E
E
E
E
E
E
E
E
E
E
E
E
E
E
E
E
E
E
E
E
E
E
E
E
E
E
E
E
E
E
E
E
E
E
E
E
E
E
E
E
E
E
E
E
E
E
E
E
E
E
E
E
E
E
E
E
E
E
E
E
E
E
E
E
E
E
E
E
E
E
E
E
E
E
E
E
E
E
E
E
E
E
E
E
E
E
E
E
E
E
E
E
E
E
E
E
E
E
E
E
E
E
E
E
E
E
E
E
E
E
E
E
E
E
E
E
E
E
E
E
E
E
E
E
E
E
E
E
E
E
E
E
E
E
E
E
E
E
E
E
E
E
E
E
E
E
E
E
E
E
E
E
E
E
E
E
E
E
E
E
E
E
E
E
E
E
E
E
E
E
E
E
E
E
E
E
E
E
E
E
E
E
E
E
E
E
E
E
E
E
E
E
E
E
E
E
E
E
E
E
E
E
E
E
E
E
E
E
E
E
E
E
E
E
E
E
E
E
E
E
E
E
E
E
E
E
E
E
E
E
E
E
E
E
E
E
E
E
E
E
E
E
E
E
E
E
E
E
E
E
E
E
E
E
E
E
E
E
E
E
E
E
E
E
E
E
E
E
E
E
E
E
E
E
E
E
E
E
E
E
E
E
E
E
E
E
E
E
E
E
E
E
E
E
E
E
E
E
E
E
E
E
E
E
E
E
E
E
E
E
E
E
E
E
E
E
E
E
E
E
E
E
E
E
E
E
E
E
E
E
E
E
E
E
E
E
E
E
E
E
E
E
E
E
E
E
E
E
E
E
E
E
E
E
E
E
E
E
E
E
E
E
E
E
E
E
E
E
E
E
E
E
E
E
E
E
E
E
E
E
E
E
E
E
E
E
E
E
E
E
E
E
E
E
E
E
E
E
E
E
E
E
E
E
E
E
E
E
E
E
E
E
E
E
E
E
E
E
E
E
E
E
E
E
E
E
E
E
E
E
E
E
E
E
E
E
E
E
E
E
E
E
E
E
E
E
E
E
E
E
E
E
E
E
E
E
E
E
E
E
E
E
E
E
E
E
E
E
E
E
E
E
E
E
E
E
E
E
E
E
E
E
E
E
E
E
E
E
E
E
E
E
E
E
E
E
E
E
E
E
E
E
E
E
E
E
E
E
E
E
E
E
E
E
E
E
E
E
E
E
E
E
E
E
E
E
E
E
E
E
E
E
E
E
E
E
E
E
E
E
E
E
E
E
E
E
E
E
E
E
E
E
E
E
E
E
E
E
E
E
E
E
E
E
E
E
E
E
E
E
E
E
E
E
E
E
E
E
E
E
E
E
E
E
E
E
E
E
E
E
E
E
E
E
E
E
E
E
E
E
E
E
E
E
E
